<?xml version="1.0" encoding="UTF-8"?>
<!-- Generated by org.testng.reporters.JUnitXMLReporter -->
<testsuite hostname="DESKTOP-HEG711J" ignored="0" name="ApiUiTestSuite" tests="6" failures="1" timestamp="2022-11-26T09:35:58 PST" time="168.823" errors="0">
  <testcase name="createBookingByPoJo" time="9.778" classname="api.testcases.TestCreateBooking"/>
  <testcase name="createBookingByReadingJsonFile" time="1.567" classname="api.testcases.TestCreateBooking"/>
  <testcase name="getBookingByPoJo" time="1.464" classname="api.testcases.TestGetBooking"/>
  <testcase name="filterPriceTest" time="37.796" classname="ui.testcases.TestAmazonFilterSearch"/>
  <testcase name="TestFiveStarRatingCountFirstPage" time="49.612" classname="ui.testcases.TestAmazonFiveStarRatingCount"/>
  <testcase name="TestFiveStarRatingCountSecondPage" time="24.47" classname="ui.testcases.TestAmazonFiveStarRatingCount">
    <failure type="java.lang.AssertionError" message="
Expecting actual:
  0
to be greater than:
  0
">
      <![CDATA[java.lang.AssertionError: 
Expecting actual:
  0
to be greater than:
  0

at ui.testcases.TestAmazonFiveStarRatingCount.TestFiveStarRatingCountSecondPage(TestAmazonFiveStarRatingCount.java:77)
at java.util.ArrayList.forEach(ArrayList.java:1257)
... Removed 31 stack frames]]>
    </failure>
  </testcase> <!-- TestFiveStarRatingCountSecondPage -->
</testsuite> <!-- ApiUiTestSuite -->
