<?xml version="1.0" encoding="UTF-8"?>
<testng-results skipped="0" failed="1" ignored="0" total="6" passed="5">
  <reporter-output>
  </reporter-output>
  <suite name="All Test Suite" duration-ms="168823" started-at="2022-11-26T09:33:09 PST" finished-at="2022-11-26T09:35:58 PST">
    <groups>
    </groups>
    <test name="ApiUiTestSuite" duration-ms="168823" started-at="2022-11-26T09:33:09 PST" finished-at="2022-11-26T09:35:58 PST">
      <class name="ui.testcases.TestAmazonFiveStarRatingCount">
        <test-method status="PASS" signature="beforeTest()[pri:0, instance:ui.testcases.TestAmazonFiveStarRatingCount@ba8d91c]" name="beforeTest" is-config="true" duration-ms="0" started-at="2022-11-26T09:33:09 PST" finished-at="2022-11-26T09:33:09 PST">
          <reporter-output>
          </reporter-output>
        </test-method> <!-- beforeTest -->
        <test-method status="PASS" signature="beforeMethod()[pri:0, instance:ui.testcases.TestAmazonFiveStarRatingCount@ba8d91c]" name="beforeMethod" is-config="true" duration-ms="4441" started-at="2022-11-26T09:34:30 PST" finished-at="2022-11-26T09:34:34 PST">
          <reporter-output>
          </reporter-output>
        </test-method> <!-- beforeMethod -->
        <test-method status="PASS" signature="TestFiveStarRatingCountFirstPage()[pri:0, instance:ui.testcases.TestAmazonFiveStarRatingCount@ba8d91c]" name="TestFiveStarRatingCountFirstPage" duration-ms="49612" started-at="2022-11-26T09:34:34 PST" finished-at="2022-11-26T09:35:24 PST">
          <reporter-output>
          </reporter-output>
        </test-method> <!-- TestFiveStarRatingCountFirstPage -->
        <test-method status="PASS" signature="afterMethod()[pri:0, instance:ui.testcases.TestAmazonFiveStarRatingCount@ba8d91c]" name="afterMethod" is-config="true" duration-ms="2056" started-at="2022-11-26T09:35:24 PST" finished-at="2022-11-26T09:35:26 PST">
          <reporter-output>
          </reporter-output>
        </test-method> <!-- afterMethod -->
        <test-method status="PASS" signature="beforeMethod()[pri:0, instance:ui.testcases.TestAmazonFiveStarRatingCount@ba8d91c]" name="beforeMethod" is-config="true" duration-ms="6373" started-at="2022-11-26T09:35:26 PST" finished-at="2022-11-26T09:35:32 PST">
          <reporter-output>
          </reporter-output>
        </test-method> <!-- beforeMethod -->
        <test-method status="FAIL" signature="TestFiveStarRatingCountSecondPage()[pri:0, instance:ui.testcases.TestAmazonFiveStarRatingCount@ba8d91c]" name="TestFiveStarRatingCountSecondPage" duration-ms="24470" started-at="2022-11-26T09:35:32 PST" finished-at="2022-11-26T09:35:57 PST">
          <exception class="java.lang.AssertionError">
            <message>
              <![CDATA[
Expecting actual:
  0
to be greater than:
  0
]]>
            </message>
            <full-stacktrace>
              <![CDATA[java.lang.AssertionError: 
Expecting actual:
  0
to be greater than:
  0

at ui.testcases.TestAmazonFiveStarRatingCount.TestFiveStarRatingCountSecondPage(TestAmazonFiveStarRatingCount.java:77)
at sun.reflect.NativeMethodAccessorImpl.invoke0(Native Method)
at sun.reflect.NativeMethodAccessorImpl.invoke(NativeMethodAccessorImpl.java:62)
at sun.reflect.DelegatingMethodAccessorImpl.invoke(DelegatingMethodAccessorImpl.java:43)
at java.lang.reflect.Method.invoke(Method.java:498)
at org.testng.internal.MethodInvocationHelper.invokeMethod(MethodInvocationHelper.java:133)
at org.testng.internal.TestInvoker.invokeMethod(TestInvoker.java:598)
at org.testng.internal.TestInvoker.invokeTestMethod(TestInvoker.java:173)
at org.testng.internal.MethodRunner.runInSequence(MethodRunner.java:46)
at org.testng.internal.TestInvoker$MethodInvocationAgent.invoke(TestInvoker.java:824)
at org.testng.internal.TestInvoker.invokeTestMethods(TestInvoker.java:146)
at org.testng.internal.TestMethodWorker.invokeTestMethods(TestMethodWorker.java:146)
at org.testng.internal.TestMethodWorker.run(TestMethodWorker.java:128)
at java.util.ArrayList.forEach(ArrayList.java:1257)
at org.testng.TestRunner.privateRun(TestRunner.java:794)
at org.testng.TestRunner.run(TestRunner.java:596)
at org.testng.SuiteRunner.runTest(SuiteRunner.java:377)
at org.testng.SuiteRunner.runSequentially(SuiteRunner.java:371)
at org.testng.SuiteRunner.privateRun(SuiteRunner.java:332)
at org.testng.SuiteRunner.run(SuiteRunner.java:276)
at org.testng.SuiteRunnerWorker.runSuite(SuiteRunnerWorker.java:53)
at org.testng.SuiteRunnerWorker.run(SuiteRunnerWorker.java:96)
at org.testng.TestNG.runSuitesSequentially(TestNG.java:1212)
at org.testng.TestNG.runSuitesLocally(TestNG.java:1134)
at org.testng.TestNG.runSuites(TestNG.java:1063)
at org.testng.TestNG.run(TestNG.java:1031)
at org.apache.maven.surefire.testng.TestNGExecutor.run(TestNGExecutor.java:324)
at org.apache.maven.surefire.testng.TestNGXmlTestSuite.execute(TestNGXmlTestSuite.java:74)
at org.apache.maven.surefire.testng.TestNGProvider.invoke(TestNGProvider.java:123)
at org.apache.maven.surefire.booter.ForkedBooter.runSuitesInProcess(ForkedBooter.java:456)
at org.apache.maven.surefire.booter.ForkedBooter.execute(ForkedBooter.java:169)
at org.apache.maven.surefire.booter.ForkedBooter.run(ForkedBooter.java:595)
at org.apache.maven.surefire.booter.ForkedBooter.main(ForkedBooter.java:581)
]]>
            </full-stacktrace>
          </exception> <!-- java.lang.AssertionError -->
          <reporter-output>
          </reporter-output>
        </test-method> <!-- TestFiveStarRatingCountSecondPage -->
        <test-method status="PASS" signature="afterMethod()[pri:0, instance:ui.testcases.TestAmazonFiveStarRatingCount@ba8d91c]" name="afterMethod" is-config="true" duration-ms="1241" started-at="2022-11-26T09:35:57 PST" finished-at="2022-11-26T09:35:58 PST">
          <reporter-output>
          </reporter-output>
        </test-method> <!-- afterMethod -->
      </class> <!-- ui.testcases.TestAmazonFiveStarRatingCount -->
      <class name="api.testcases.TestCreateBooking">
        <test-method status="PASS" signature="createBookingByPoJo()[pri:0, instance:api.testcases.TestCreateBooking@77a57272]" name="createBookingByPoJo" duration-ms="9778" started-at="2022-11-26T09:33:09 PST" finished-at="2022-11-26T09:33:19 PST">
          <reporter-output>
          </reporter-output>
        </test-method> <!-- createBookingByPoJo -->
        <test-method status="PASS" signature="createBookingByReadingJsonFile()[pri:0, instance:api.testcases.TestCreateBooking@77a57272]" name="createBookingByReadingJsonFile" duration-ms="1567" started-at="2022-11-26T09:33:19 PST" finished-at="2022-11-26T09:33:21 PST">
          <reporter-output>
          </reporter-output>
        </test-method> <!-- createBookingByReadingJsonFile -->
      </class> <!-- api.testcases.TestCreateBooking -->
      <class name="api.testcases.TestGetBooking">
        <test-method status="PASS" signature="getBookingByPoJo()[pri:0, instance:api.testcases.TestGetBooking@679b62af]" name="getBookingByPoJo" duration-ms="1464" started-at="2022-11-26T09:33:21 PST" finished-at="2022-11-26T09:33:22 PST">
          <reporter-output>
          </reporter-output>
        </test-method> <!-- getBookingByPoJo -->
      </class> <!-- api.testcases.TestGetBooking -->
      <class name="ui.testcases.TestAmazonFilterSearch">
        <test-method status="PASS" signature="beforeTest()[pri:0, instance:ui.testcases.TestAmazonFilterSearch@70b0b186]" name="beforeTest" is-config="true" duration-ms="19" started-at="2022-11-26T09:33:09 PST" finished-at="2022-11-26T09:33:09 PST">
          <reporter-output>
          </reporter-output>
        </test-method> <!-- beforeTest -->
        <test-method status="PASS" signature="beforeMethod()[pri:0, instance:ui.testcases.TestAmazonFilterSearch@70b0b186]" name="beforeMethod" is-config="true" duration-ms="12586" started-at="2022-11-26T09:33:22 PST" finished-at="2022-11-26T09:33:35 PST">
          <reporter-output>
          </reporter-output>
        </test-method> <!-- beforeMethod -->
        <test-method status="PASS" signature="filterPriceTest()[pri:0, instance:ui.testcases.TestAmazonFilterSearch@70b0b186]" name="filterPriceTest" duration-ms="37796" started-at="2022-11-26T09:33:35 PST" finished-at="2022-11-26T09:34:12 PST">
          <reporter-output>
          </reporter-output>
        </test-method> <!-- filterPriceTest -->
        <test-method status="PASS" signature="afterMethod()[pri:0, instance:ui.testcases.TestAmazonFilterSearch@70b0b186]" name="afterMethod" is-config="true" duration-ms="17306" started-at="2022-11-26T09:34:12 PST" finished-at="2022-11-26T09:34:30 PST">
          <reporter-output>
          </reporter-output>
        </test-method> <!-- afterMethod -->
      </class> <!-- ui.testcases.TestAmazonFilterSearch -->
    </test> <!-- ApiUiTestSuite -->
  </suite> <!-- All Test Suite -->
</testng-results>
